<?xml version="1.0" encoding="UTF-8"?>
<testsuite name="testpackagelab4.TestClass" tests="12" skipped="0" failures="0" errors="0" timestamp="2017-11-25T23:10:38" hostname="Asus-ПК" time="1.276">
  <properties/>
  <testcase name="executeExpectException" classname="testpackagelab4.TestClass" time="0.557"/>
  <testcase name="task3KisCorrect" classname="testpackagelab4.TestClass" time="0.422"/>
  <testcase name="task3JisCorrect" classname="testpackagelab4.TestClass" time="0.082"/>
  <testcase name="task3IisCorrect" classname="testpackagelab4.TestClass" time="0.067"/>
  <testcase name="task3HisCorrect" classname="testpackagelab4.TestClass" time="0.022"/>
  <testcase name="task3GisCorrect" classname="testpackagelab4.TestClass" time="0.011"/>
  <testcase name="task3FisCorrect" classname="testpackagelab4.TestClass" time="0.014"/>
  <testcase name="task3EisCorrect" classname="testpackagelab4.TestClass" time="0.021"/>
  <testcase name="task3DisCorrect" classname="testpackagelab4.TestClass" time="0.033"/>
  <testcase name="task3CisCorrect" classname="testpackagelab4.TestClass" time="0.01"/>
  <testcase name="task3BisCorrect" classname="testpackagelab4.TestClass" time="0.009"/>
  <testcase name="task3AisCorrect" classname="testpackagelab4.TestClass" time="0.025"/>
  <system-out><![CDATA[]]></system-out>
  <system-err><![CDATA[Error on line 1 column 6 
  XPST0003 XQuery syntax error in #wrong query#:
    Unexpected token name "query" beyond end of query
]]></system-err>
</testsuite>
