<?xml version="1.0" encoding="UTF-8"?>
<testsuite name="testpackagelab4.TestClass" tests="11" skipped="0" failures="0" errors="0" timestamp="2017-11-25T23:50:29" hostname="Asus-ПК" time="1.2">
  <properties/>
  <testcase name="task3J1isCorrect" classname="testpackagelab4.TestClass" time="0.91"/>
  <testcase name="task3IisCorrect" classname="testpackagelab4.TestClass" time="0.088"/>
  <testcase name="task3HisCorrect" classname="testpackagelab4.TestClass" time="0.03"/>
  <testcase name="task3GisCorrect" classname="testpackagelab4.TestClass" time="0.021"/>
  <testcase name="task3FisCorrect" classname="testpackagelab4.TestClass" time="0.013"/>
  <testcase name="task3EisCorrect" classname="testpackagelab4.TestClass" time="0.012"/>
  <testcase name="task3D1isCorrect" classname="testpackagelab4.TestClass" time="0.042"/>
  <testcase name="task3CisCorrect" classname="testpackagelab4.TestClass" time="0.042"/>
  <testcase name="task3BisCorrect" classname="testpackagelab4.TestClass" time="0.012"/>
  <testcase name="task3K1isCorrect" classname="testpackagelab4.TestClass" time="0.013"/>
  <testcase name="task3AisCorrect" classname="testpackagelab4.TestClass" time="0.01"/>
  <system-out><![CDATA[]]></system-out>
  <system-err><![CDATA[]]></system-err>
</testsuite>
